<?xml version="1.0" encoding="UTF-8"?>
<robot generator="Robot 7.0.1 (Python 3.12.3 on win32)" generated="2024-09-07T12:41:27.083169" rpa="false" schemaversion="5">
<suite id="s1" name="AutomationExercise" source="C:\Users\LapTop\PycharmProjects\AutomationExercise">
<suite id="s1-s1" name="Tests" source="C:\Users\LapTop\PycharmProjects\AutomationExercise\tests">
<suite id="s1-s1-s1" name="Contact Us" source="C:\Users\LapTop\PycharmProjects\AutomationExercise\tests\contact_us.robot">
<kw name="Launch Browser And Navigate To URL" owner="keywords" type="SETUP">
<kw name="Open Browser" owner="SeleniumLibrary">
<msg time="2024-09-07T12:41:27.907368" level="INFO">Opening browser 'chrome' to base url 'http://automationexercise.com'.</msg>
<arg>http://automationexercise.com</arg>
<arg>chrome</arg>
<doc>Opens a new browser instance to the optional ``url``.</doc>
<status status="PASS" start="2024-09-07T12:41:27.907368" elapsed="27.454832"/>
</kw>
<kw name="Maximize Browser Window" owner="SeleniumLibrary">
<doc>Maximizes current browser window.</doc>
<status status="PASS" start="2024-09-07T12:41:55.363203" elapsed="0.094012"/>
</kw>
<status status="PASS" start="2024-09-07T12:41:27.906363" elapsed="27.550852"/>
</kw>
<test id="s1-s1-s1-t1" name="Contact Us Form Submission Test" line="10">
<kw name="Verify Home Page Is Visible" owner="keywords">
<kw name="Element Should Be Visible" owner="SeleniumLibrary">
<msg time="2024-09-07T12:41:55.527520" level="INFO">Element 'css=[class="logo pull-left"]' is displayed.</msg>
<arg>${HOME_PAGE_ELEMENT}</arg>
<doc>Verifies that the element identified by ``locator`` is visible.</doc>
<status status="PASS" start="2024-09-07T12:41:55.462235" elapsed="0.065285"/>
</kw>
<status status="PASS" start="2024-09-07T12:41:55.459223" elapsed="0.068297"/>
</kw>
<kw name="Click On Contact Us Button" owner="keywords">
<kw name="Click Link" owner="SeleniumLibrary">
<msg time="2024-09-07T12:41:55.530221" level="INFO">Clicking link 'css=a[href="/contact_us"]'.</msg>
<arg>${CONTACT_US_BUTTON}</arg>
<doc>Clicks a link identified by ``locator``.</doc>
<status status="PASS" start="2024-09-07T12:41:55.529712" elapsed="2.188457"/>
</kw>
<status status="PASS" start="2024-09-07T12:41:55.528767" elapsed="2.189402"/>
</kw>
<kw name="Verify Get In Touch Is Visible" owner="keywords">
<kw name="Element Should Be Visible" owner="SeleniumLibrary">
<msg time="2024-09-07T12:41:57.763557" level="INFO">Element 'xpath=//h2[text()='Get In Touch']' is displayed.</msg>
<arg>${GET_IN_TOUCH_ELEMENT}</arg>
<doc>Verifies that the element identified by ``locator`` is visible.</doc>
<status status="PASS" start="2024-09-07T12:41:57.720180" elapsed="0.043377"/>
</kw>
<status status="PASS" start="2024-09-07T12:41:57.719173" elapsed="0.044384"/>
</kw>
<kw name="Fill Contact Us Form" owner="keywords">
<kw name="Input Text" owner="SeleniumLibrary">
<msg time="2024-09-07T12:41:57.765560" level="INFO">Typing text 'John Doe' into text field 'name=name'.</msg>
<arg>${CONTACT_NAME_FIELD}</arg>
<arg>${CONTACT_NAME}</arg>
<doc>Types the given ``text`` into the text field identified by ``locator``.</doc>
<status status="PASS" start="2024-09-07T12:41:57.764610" elapsed="0.375439"/>
</kw>
<kw name="Input Text" owner="SeleniumLibrary">
<msg time="2024-09-07T12:41:58.141050" level="INFO">Typing text 'john.doe@example.com' into text field 'name=email'.</msg>
<arg>${CONTACT_EMAIL_FIELD}</arg>
<arg>${CONTACT_EMAIL}</arg>
<doc>Types the given ``text`` into the text field identified by ``locator``.</doc>
<status status="PASS" start="2024-09-07T12:41:58.141050" elapsed="0.276658"/>
</kw>
<kw name="Input Text" owner="SeleniumLibrary">
<msg time="2024-09-07T12:41:58.418716" level="INFO">Typing text 'Inquiry' into text field 'name=subject'.</msg>
<arg>${CONTACT_SUBJECT_FIELD}</arg>
<arg>${CONTACT_SUBJECT}</arg>
<doc>Types the given ``text`` into the text field identified by ``locator``.</doc>
<status status="PASS" start="2024-09-07T12:41:58.417708" elapsed="0.204811"/>
</kw>
<kw name="Input Text" owner="SeleniumLibrary">
<msg time="2024-09-07T12:41:58.623522" level="INFO">Typing text 'I would like to know more about your services.' into text field 'name=message'.</msg>
<arg>${CONTACT_MESSAGE_FIELD}</arg>
<arg>${CONTACT_MESSAGE}</arg>
<doc>Types the given ``text`` into the text field identified by ``locator``.</doc>
<status status="PASS" start="2024-09-07T12:41:58.623522" elapsed="0.346898"/>
</kw>
<status status="PASS" start="2024-09-07T12:41:57.764610" elapsed="1.205810"/>
</kw>
<kw name="Upload File" owner="keywords">
<kw name="Choose File" owner="SeleniumLibrary">
<msg time="2024-09-07T12:41:58.972428" level="INFO">Sending C:\Users\LapTop\PycharmProjects\AutomationExercise\upload_files\uploadfile.txt to browser.</msg>
<arg>${CONTACT_UPLOAD_FIELD}</arg>
<arg>${FILE_PATH}</arg>
<doc>Inputs the ``file_path`` into the file input field ``locator``.</doc>
<status status="PASS" start="2024-09-07T12:41:58.971408" elapsed="0.067753"/>
</kw>
<status status="PASS" start="2024-09-07T12:41:58.971408" elapsed="0.067753"/>
</kw>
<kw name="Submit Contact Us Form" owner="keywords">
<kw name="Click Button" owner="SeleniumLibrary">
<msg time="2024-09-07T12:41:59.041163" level="INFO">Clicking button 'css=input[type="submit"]'.</msg>
<arg>${CONTACT_SUBMIT_BUTTON}</arg>
<doc>Clicks the button identified by ``locator``.</doc>
<status status="PASS" start="2024-09-07T12:41:59.041163" elapsed="0.128100"/>
</kw>
<status status="PASS" start="2024-09-07T12:41:59.040162" elapsed="0.129101"/>
</kw>
<kw name="Confirm Submission" owner="keywords">
<kw name="Handle Alert" owner="SeleniumLibrary">
<msg time="2024-09-07T12:41:59.171273" level="INFO">HANDLE::&lt;class 'NoneType'&gt;::None</msg>
<arg>ACCEPT</arg>
<doc>Handles the current alert and returns its message.</doc>
<status status="PASS" start="2024-09-07T12:41:59.171273" elapsed="0.013022"/>
</kw>
<status status="PASS" start="2024-09-07T12:41:59.170255" elapsed="0.014040"/>
</kw>
<kw name="Verify Success Message Is Visible" owner="keywords">
<kw name="Element Should Be Visible" owner="SeleniumLibrary">
<msg time="2024-09-07T12:41:59.245028" level="INFO">Element 'xpath=//div[contains(text(),'Success! Your details have been submitted successfully.')]' is displayed.</msg>
<arg>${SUCCESS_MESSAGE_ELEMENT}</arg>
<doc>Verifies that the element identified by ``locator`` is visible.</doc>
<status status="PASS" start="2024-09-07T12:41:59.188310" elapsed="0.056718"/>
</kw>
<status status="PASS" start="2024-09-07T12:41:59.186304" elapsed="0.058724"/>
</kw>
<kw name="Click Home Button" owner="keywords">
<kw name="Click Element" owner="SeleniumLibrary">
<msg time="2024-09-07T12:41:59.248033" level="INFO">Clicking element 'xpath=//span[text()=" Home"]'.</msg>
<arg>${HOME_BUTTON}</arg>
<doc>Click the element identified by ``locator``.</doc>
<status status="PASS" start="2024-09-07T12:41:59.247030" elapsed="3.423912"/>
</kw>
<status status="PASS" start="2024-09-07T12:41:59.247030" elapsed="3.423912"/>
</kw>
<kw name="Verify Landed On Home Page" owner="keywords">
<kw name="Element Should Be Visible" owner="SeleniumLibrary">
<msg time="2024-09-07T12:42:02.712915" level="INFO">Element 'css=[class="logo pull-left"]' is displayed.</msg>
<arg>${HOME_PAGE_ELEMENT}</arg>
<doc>Verifies that the element identified by ``locator`` is visible.</doc>
<status status="PASS" start="2024-09-07T12:42:02.672950" elapsed="0.040978"/>
</kw>
<kw name="Location Should Be" owner="SeleniumLibrary">
<msg time="2024-09-07T12:42:02.728015" level="INFO">Current location is 'https://automationexercise.com/'.</msg>
<arg>${HOME_PAGE_URL}</arg>
<doc>Verifies that the current URL is exactly ``url``.</doc>
<status status="PASS" start="2024-09-07T12:42:02.713928" elapsed="0.014087"/>
</kw>
<status status="PASS" start="2024-09-07T12:42:02.671968" elapsed="0.057050"/>
</kw>
<doc>This test case verifies the contact us form submission process, including file upload and success message verification.</doc>
<status status="PASS" start="2024-09-07T12:41:55.457215" elapsed="7.272783"/>
</test>
<kw name="Close Browser" owner="SeleniumLibrary" type="TEARDOWN">
<doc>Closes the current browser.</doc>
<status status="PASS" start="2024-09-07T12:42:02.732515" elapsed="2.466654"/>
</kw>
<status status="PASS" start="2024-09-07T12:41:27.168147" elapsed="38.032048"/>
</suite>
<status status="PASS" start="2024-09-07T12:41:27.164494" elapsed="38.038713"/>
</suite>
<status status="PASS" start="2024-09-07T12:41:27.088182" elapsed="38.117029"/>
</suite>
<statistics>
<total>
<stat pass="1" fail="0" skip="0">All Tests</stat>
</total>
<tag>
</tag>
<suite>
<stat pass="1" fail="0" skip="0" id="s1" name="AutomationExercise">AutomationExercise</stat>
<stat pass="1" fail="0" skip="0" id="s1-s1" name="Tests">AutomationExercise.Tests</stat>
<stat pass="1" fail="0" skip="0" id="s1-s1-s1" name="Contact Us">AutomationExercise.Tests.Contact Us</stat>
</suite>
</statistics>
<errors>
</errors>
</robot>
