<?xml version="1.0" encoding="UTF-8"?>
<robot generator="Robot 7.0.1 (Python 3.12.3 on win32)" generated="2024-09-08T00:04:36.025533" rpa="false" schemaversion="5">
<suite id="s1" name="AutomationExerciseRobotFramework" source="C:\Users\LapTop\PycharmProjects\AutomationExerciseRobotFramework">
<suite id="s1-s1" name="Tests" source="C:\Users\LapTop\PycharmProjects\AutomationExerciseRobotFramework\tests">
<suite id="s1-s1-s1" name="Search Test" source="C:\Users\LapTop\PycharmProjects\AutomationExerciseRobotFramework\tests\search_test.robot">
<kw name="Open Browser To Home Page" owner="keywords" type="SETUP">
<kw name="Open Browser" owner="SeleniumLibrary">
<msg time="2024-09-08T00:04:36.370894" level="INFO">Opening browser 'chrome' to base url 'https://automationexercise.com/'.</msg>
<arg>https://automationexercise.com/</arg>
<arg>chrome</arg>
<doc>Opens a new browser instance to the optional ``url``.</doc>
<status status="PASS" start="2024-09-08T00:04:36.370894" elapsed="8.583599"/>
</kw>
<kw name="Maximize Browser Window" owner="SeleniumLibrary">
<doc>Maximizes current browser window.</doc>
<status status="PASS" start="2024-09-08T00:04:44.955496" elapsed="0.053372"/>
</kw>
<status status="PASS" start="2024-09-08T00:04:36.370894" elapsed="8.637974"/>
</kw>
<test id="s1-s1-s1-t1" name="Search Product on Automation Exercise" line="11">
<kw name="Verify Home Page Title" owner="keywords">
<kw name="Title Should Be" owner="SeleniumLibrary">
<msg time="2024-09-08T00:04:45.016892" level="INFO">Page title is 'Automation Exercise'.</msg>
<arg>${home_page_title}</arg>
<doc>Verifies that the current page title equals ``title``.</doc>
<status status="PASS" start="2024-09-08T00:04:45.010873" elapsed="0.006019"/>
</kw>
<status status="PASS" start="2024-09-08T00:04:45.009870" elapsed="0.007022"/>
</kw>
<kw name="Click On Products Button" owner="keywords">
<kw name="Click Element" owner="SeleniumLibrary">
<msg time="2024-09-08T00:04:45.017894" level="INFO">Clicking element 'xpath=//a[@href='/products']'.</msg>
<arg>${SEARCH_PAGE}</arg>
<doc>Click the element identified by ``locator``.</doc>
<status status="PASS" start="2024-09-08T00:04:45.017894" elapsed="2.752739"/>
</kw>
<status status="PASS" start="2024-09-08T00:04:45.017894" elapsed="2.752739"/>
</kw>
<kw name="Verify User Navigated to ALL Products Page" owner="keywords">
<kw name="Location Should Be" owner="SeleniumLibrary">
<msg time="2024-09-08T00:04:47.770633" level="INFO">Current location is 'https://automationexercise.com/products'.</msg>
<arg>${products_page_link}</arg>
<doc>Verifies that the current URL is exactly ``url``.</doc>
<status status="PASS" start="2024-09-08T00:04:47.770633" elapsed="0.000000"/>
</kw>
<status status="PASS" start="2024-09-08T00:04:47.770633" elapsed="0.000000"/>
</kw>
<kw name="Enter Product Name And Click Search" owner="keywords">
<kw name="Input Text" owner="SeleniumLibrary">
<msg time="2024-09-08T00:04:47.770633" level="INFO">Typing text 'T-shirts' into text field 'id=search_product'.</msg>
<arg>${SEARCH_INPUT}</arg>
<arg>${SEARCH_PRODUCT_NAME}</arg>
<doc>Types the given ``text`` into the text field identified by ``locator``.</doc>
<status status="PASS" start="2024-09-08T00:04:47.770633" elapsed="0.163888"/>
</kw>
<kw name="Click Button" owner="SeleniumLibrary">
<msg time="2024-09-08T00:04:47.934521" level="INFO">Clicking button 'id=submit_search'.</msg>
<arg>${SUBMIT_SEARCH}</arg>
<doc>Clicks the button identified by ``locator``.</doc>
<status status="PASS" start="2024-09-08T00:04:47.934521" elapsed="1.379916"/>
</kw>
<status status="PASS" start="2024-09-08T00:04:47.770633" elapsed="1.543804"/>
</kw>
<kw name="Verify Searched Products Are Visible" owner="keywords">
<kw name="Element Should Be Visible" owner="SeleniumLibrary">
<msg time="2024-09-08T00:04:49.341524" level="INFO">Element 'xpath=//h2[text()='Searched Products']' is displayed.</msg>
<arg>${SEARCHED_PRODUCTS_TEXT}</arg>
<doc>Verifies that the element identified by ``locator`` is visible.</doc>
<status status="PASS" start="2024-09-08T00:04:49.315437" elapsed="0.026087"/>
</kw>
<status status="PASS" start="2024-09-08T00:04:49.315437" elapsed="0.026087"/>
</kw>
<kw name="Verify Product Related To Search Is Visible" owner="keywords">
<kw name="Get WebElement" owner="SeleniumLibrary">
<msg time="2024-09-08T00:04:49.354565" level="INFO">${product} = &lt;selenium.webdriver.remote.webelement.WebElement (session="a7d6bd60abc5b0e5037d6ff6b7af12cb", element="f.4B3678A0AD7AC1FAC9EE4B1AB98E39EA.d.504372B31EED08B26D9CC42EA86EC788.e.109")&gt;</msg>
<var>${product}</var>
<arg>css=[class="overlay-content"]&gt;p</arg>
<doc>Returns the first WebElement matching the given ``locator``.</doc>
<status status="PASS" start="2024-09-08T00:04:49.342526" elapsed="0.012039"/>
</kw>
<kw name="Get Text" owner="SeleniumLibrary">
<msg time="2024-09-08T00:04:49.368121" level="INFO">${product_name} = </msg>
<var>${product_name}</var>
<arg>${product}</arg>
<doc>Returns the text value of the element identified by ``locator``.</doc>
<status status="PASS" start="2024-09-08T00:04:49.354565" elapsed="0.013556"/>
</kw>
<kw name="Log" owner="BuiltIn">
<msg time="2024-09-08T00:04:49.369126" level="INFO">Checking product: </msg>
<arg>Checking product: ${product_name}</arg>
<doc>Logs the given message with the given level.</doc>
<status status="PASS" start="2024-09-08T00:04:49.369126" elapsed="0.000000"/>
</kw>
<kw name="Run Keyword If" owner="BuiltIn">
<arg>"${SEARCH_PRODUCT_NAME}" in "${product_name}"</arg>
<arg>Log</arg>
<arg>Found product: ${product_name}</arg>
<doc>Runs the given keyword with the given arguments, if ``condition`` is true.</doc>
<status status="PASS" start="2024-09-08T00:04:49.369126" elapsed="0.000000"/>
</kw>
<kw name="Run Keyword If" owner="BuiltIn">
<kw name="Fail" owner="BuiltIn">
<msg time="2024-09-08T00:04:49.370127" level="FAIL">No product found with name T-shirts</msg>
<arg>No product found with name ${SEARCH_PRODUCT_NAME}</arg>
<doc>Fails the test with the given message and optionally alters its tags.</doc>
<status status="FAIL" start="2024-09-08T00:04:49.370127" elapsed="0.000000">No product found with name T-shirts</status>
</kw>
<arg>"${SEARCH_PRODUCT_NAME}" not in "${product_name}"</arg>
<arg>Fail</arg>
<arg>No product found with name ${SEARCH_PRODUCT_NAME}</arg>
<doc>Runs the given keyword with the given arguments, if ``condition`` is true.</doc>
<status status="FAIL" start="2024-09-08T00:04:49.369126" elapsed="0.001001">No product found with name T-shirts</status>
</kw>
<status status="FAIL" start="2024-09-08T00:04:49.341524" elapsed="0.028603">No product found with name T-shirts</status>
</kw>
<doc>Test to search for a product on automationexercise.com and verify results.</doc>
<status status="FAIL" start="2024-09-08T00:04:45.008868" elapsed="4.362262">No product found with name T-shirts</status>
</test>
<kw name="Close Browser" owner="SeleniumLibrary" type="TEARDOWN">
<doc>Closes the current browser.</doc>
<status status="PASS" start="2024-09-08T00:04:49.372136" elapsed="2.206243"/>
</kw>
<status status="FAIL" start="2024-09-08T00:04:36.072806" elapsed="15.505573"/>
</suite>
<status status="FAIL" start="2024-09-08T00:04:36.072806" elapsed="15.508601"/>
</suite>
<status status="FAIL" start="2024-09-08T00:04:36.041158" elapsed="15.541268"/>
</suite>
<statistics>
<total>
<stat pass="0" fail="1" skip="0">All Tests</stat>
</total>
<tag>
</tag>
<suite>
<stat pass="0" fail="1" skip="0" id="s1" name="AutomationExerciseRobotFramework">AutomationExerciseRobotFramework</stat>
<stat pass="0" fail="1" skip="0" id="s1-s1" name="Tests">AutomationExerciseRobotFramework.Tests</stat>
<stat pass="0" fail="1" skip="0" id="s1-s1-s1" name="Search Test">AutomationExerciseRobotFramework.Tests.Search Test</stat>
</suite>
</statistics>
<errors>
</errors>
</robot>
